2026-02-27 21:31:09,687 - INFO - 🧪 执行用例：正常登录
2026-02-27 21:31:09,687 - WARNING - [Mock Redis] MISS user_token:admin
2026-02-27 21:31:09,687 - INFO - [Mock DB] Query User: admin, FailCount: 0
2026-02-27 21:31:09,687 - INFO - [Mock DB] Reset FailCount: admin -> 0
2026-02-27 21:31:09,687 - INFO - [Mock Redis] SET user_token:admin = token_admi...
2026-02-27 21:31:09,687 - INFO - 【请求】POST https://httpbin.org/post | Data: {'login': 'success'}
2026-02-27 21:31:11,311 - INFO - 【响应】Status: 200
2026-02-27 21:31:11,311 - INFO - ✅ 用例通过：正常登录

2026-02-27 21:31:11,318 - INFO - 🧪 执行用例：密码错误
2026-02-27 21:31:11,318 - INFO - [Mock DB] Query User: admin, FailCount: 0
2026-02-27 21:31:11,318 - INFO - [Mock Redis] HIT user_token:admin
2026-02-27 21:31:11,345 - INFO - 🧪 执行用例：用户不存在
2026-02-27 21:31:11,345 - WARNING - [Mock Redis] MISS user_token:nobody
2026-02-27 21:31:11,345 - WARNING - [Mock DB] User Not Found: nobody
2026-02-27 21:31:11,345 - INFO - ✅ 用例通过：用户不存在

2026-02-27 21:31:11,346 - INFO - 🧪 执行用例：密码超长
2026-02-27 21:31:11,346 - INFO - [Mock Redis] HIT user_token:admin
2026-02-27 21:33:10,747 - INFO - 🧪 执行用例：正常登录
2026-02-27 21:33:10,748 - INFO - 收到登录请求：用户=admin, 密码长度=6
2026-02-27 21:33:10,748 - INFO - [Mock DB] Query User: admin, FailCount: 0
2026-02-27 21:33:10,748 - WARNING - [Mock Redis] MISS user_token:admin
2026-02-27 21:33:10,748 - INFO - [Mock Redis] SET user_token:admin = token_admi...
2026-02-27 21:33:10,748 - INFO - 生成新 Token
2026-02-27 21:33:10,748 - INFO - [Mock DB] Reset FailCount: admin -> 0
2026-02-27 21:33:10,748 - INFO - 【请求】POST https://httpbin.org/post | Data: {'login': 'success'}
2026-02-27 21:33:14,819 - INFO - 【响应】Status: 200
2026-02-27 21:33:14,820 - INFO - ✅ 用例通过：正常登录

2026-02-27 21:33:14,827 - INFO - 🧪 执行用例：密码错误
2026-02-27 21:33:14,827 - INFO - [Mock DB] Query User: admin, FailCount: 0
2026-02-27 21:33:14,827 - INFO - 收到登录请求：用户=admin, 密码长度=9
2026-02-27 21:33:14,828 - INFO - [Mock DB] Query User: admin, FailCount: 0
2026-02-27 21:33:14,828 - INFO - [Mock DB] Update FailCount +1: admin -> 1
2026-02-27 21:33:14,828 - INFO - [Mock DB] Query User: admin, FailCount: 1
2026-02-27 21:33:14,828 - INFO - ✅ DB 校验通过：FailCount 0 -> 1
2026-02-27 21:33:14,828 - INFO - ✅ 用例通过：密码错误

2026-02-27 21:33:14,832 - INFO - 🧪 执行用例：用户不存在
2026-02-27 21:33:14,833 - INFO - 收到登录请求：用户=nobody, 密码长度=6
2026-02-27 21:33:14,833 - WARNING - [Mock DB] User Not Found: nobody
2026-02-27 21:33:14,833 - INFO - ✅ 用例通过：用户不存在

2026-02-27 21:33:14,837 - INFO - 🧪 执行用例：密码超长
2026-02-27 21:33:14,837 - INFO - 收到登录请求：用户=admin, 密码长度=1000
2026-02-27 21:33:14,837 - INFO - [Mock DB] Query User: admin, FailCount: 1
2026-02-27 21:33:14,837 - INFO - [Mock DB] Update FailCount +1: admin -> 2
2026-02-27 21:33:14,838 - INFO - ✅ 用例通过：密码超长

